  Display.cpp
C:\Users\DRDJ\git_repo\Uni\Geo2\Doom\Doom\Types.h(134,13): warning C4244: 'initializing': conversion from 'double' to 'int', possible loss of data
C:\Users\DRDJ\git_repo\Uni\Geo2\Doom\Doom\Display.cpp(5,12): warning C4244: 'initializing': conversion from 'double' to 'int', possible loss of data
C:\Users\DRDJ\git_repo\Uni\Geo2\Doom\Doom\Display.cpp(6,13): warning C4244: 'initializing': conversion from 'double' to 'int', possible loss of data
C:\Users\DRDJ\git_repo\Uni\Geo2\Doom\Doom\Display.cpp(40,46): warning C4244: 'argument': conversion from 'double' to 'T', possible loss of data
          with
          [
              T=float
          ]
C:\Users\DRDJ\git_repo\Uni\Geo2\Doom\Doom\Display.cpp(41,58): warning C4244: 'argument': conversion from 'double' to 'T', possible loss of data
          with
          [
              T=float
          ]
C:\Users\DRDJ\git_repo\Uni\Geo2\Doom\Doom\Display.cpp(41,43): warning C4244: 'argument': conversion from 'double' to 'T', possible loss of data
          with
          [
              T=float
          ]
C:\Users\DRDJ\git_repo\Uni\Geo2\Doom\Doom\Display.cpp(42,43): warning C4244: 'argument': conversion from 'double' to 'T', possible loss of data
          with
          [
              T=float
          ]
C:\Users\DRDJ\git_repo\Uni\Geo2\Doom\Doom\Display.cpp(49,44): warning C4244: 'argument': conversion from 'double' to 'T', possible loss of data
          with
          [
              T=float
          ]
C:\Users\DRDJ\git_repo\Uni\Geo2\Doom\Doom\Display.cpp(53,35): warning C4244: 'argument': conversion from 'double' to 'float', possible loss of data
C:\Users\DRDJ\git_repo\Uni\Geo2\Doom\Doom\Display.cpp(54,56): warning C4244: 'argument': conversion from 'int' to 'float', possible loss of data
C:\Users\DRDJ\git_repo\Uni\Geo2\Doom\Doom\Display.cpp(54,32): warning C4244: 'argument': conversion from 'int' to 'float', possible loss of data
C:\Users\DRDJ\git_repo\Uni\Geo2\Doom\Doom\Display.cpp(65,67): warning C4244: 'argument': conversion from 'double' to 'T', possible loss of data
          with
          [
              T=float
          ]
C:\Users\DRDJ\git_repo\Uni\Geo2\Doom\Doom\Display.cpp(65,49): warning C4244: 'argument': conversion from 'double' to 'T', possible loss of data
          with
          [
              T=float
          ]
C:\Users\DRDJ\git_repo\Uni\Geo2\Doom\Doom\Display.cpp(66,60): warning C4244: 'argument': conversion from 'double' to 'T', possible loss of data
          with
          [
              T=float
          ]
C:\Users\DRDJ\git_repo\Uni\Geo2\Doom\Doom\Display.cpp(66,42): warning C4244: 'argument': conversion from 'double' to 'T', possible loss of data
          with
          [
              T=float
          ]
C:\Users\DRDJ\git_repo\Uni\Geo2\Doom\Doom\Display.cpp(67,61): warning C4244: 'argument': conversion from 'double' to 'T', possible loss of data
          with
          [
              T=float
          ]
C:\Users\DRDJ\git_repo\Uni\Geo2\Doom\Doom\Display.cpp(67,43): warning C4244: 'argument': conversion from 'double' to 'T', possible loss of data
          with
          [
              T=float
          ]
C:\Users\DRDJ\git_repo\Uni\Geo2\Doom\Doom\Display.cpp(76,50): warning C4244: 'argument': conversion from 'double' to 'T', possible loss of data
          with
          [
              T=float
          ]
C:\Users\DRDJ\git_repo\Uni\Geo2\Doom\Doom\Display.cpp(77,62): warning C4244: 'argument': conversion from 'double' to 'T', possible loss of data
          with
          [
              T=float
          ]
C:\Users\DRDJ\git_repo\Uni\Geo2\Doom\Doom\Display.cpp(77,47): warning C4244: 'argument': conversion from 'double' to 'T', possible loss of data
          with
          [
              T=float
          ]
C:\Users\DRDJ\git_repo\Uni\Geo2\Doom\Doom\Display.cpp(78,64): warning C4244: 'argument': conversion from 'double' to 'T', possible loss of data
          with
          [
              T=float
          ]
C:\Users\DRDJ\git_repo\Uni\Geo2\Doom\Doom\Display.cpp(78,47): warning C4244: 'argument': conversion from 'double' to 'T', possible loss of data
          with
          [
              T=float
          ]
C:\Users\DRDJ\git_repo\Uni\Geo2\Doom\Doom\Display.cpp(79,52): warning C4244: 'argument': conversion from 'double' to 'T', possible loss of data
          with
          [
              T=float
          ]
C:\Users\DRDJ\git_repo\Uni\Geo2\Doom\Doom\Display.cpp(87,45): warning C4244: 'argument': conversion from 'double' to 'T', possible loss of data
          with
          [
              T=float
          ]
C:\Users\DRDJ\git_repo\Uni\Geo2\Doom\Doom\Display.cpp(88,63): warning C4244: 'argument': conversion from 'double' to 'T', possible loss of data
          with
          [
              T=float
          ]
C:\Users\DRDJ\git_repo\Uni\Geo2\Doom\Doom\Display.cpp(88,45): warning C4244: 'argument': conversion from 'double' to 'T', possible loss of data
          with
          [
              T=float
          ]
C:\Users\DRDJ\git_repo\Uni\Geo2\Doom\Doom\Display.cpp(89,51): warning C4244: 'argument': conversion from 'double' to 'T', possible loss of data
          with
          [
              T=float
          ]
C:\Users\DRDJ\git_repo\Uni\Geo2\Doom\Doom\Display.cpp(234,58): warning C4244: 'argument': conversion from 'double' to 'T', possible loss of data
          with
          [
              T=float
          ]
C:\Users\DRDJ\git_repo\Uni\Geo2\Doom\Doom\Display.cpp(234,40): warning C4244: 'argument': conversion from 'double' to 'T', possible loss of data
          with
          [
              T=float
          ]
C:\Users\DRDJ\git_repo\Uni\Geo2\Doom\Doom\Display.cpp(235,58): warning C4244: 'argument': conversion from 'double' to 'T', possible loss of data
          with
          [
              T=float
          ]
C:\Users\DRDJ\git_repo\Uni\Geo2\Doom\Doom\Display.cpp(235,40): warning C4244: 'argument': conversion from 'double' to 'T', possible loss of data
          with
          [
              T=float
          ]
C:\Users\DRDJ\git_repo\Uni\Geo2\Doom\Doom\Display.cpp(236,58): warning C4244: 'argument': conversion from 'double' to 'T', possible loss of data
          with
          [
              T=float
          ]
C:\Users\DRDJ\git_repo\Uni\Geo2\Doom\Doom\Display.cpp(236,40): warning C4244: 'argument': conversion from 'double' to 'T', possible loss of data
          with
          [
              T=float
          ]
C:\Users\DRDJ\git_repo\Uni\Geo2\Doom\Doom\Display.cpp(237,58): warning C4244: 'argument': conversion from 'double' to 'T', possible loss of data
          with
          [
              T=float
          ]
C:\Users\DRDJ\git_repo\Uni\Geo2\Doom\Doom\Display.cpp(237,40): warning C4244: 'argument': conversion from 'double' to 'T', possible loss of data
          with
          [
              T=float
          ]
  Doom.vcxproj -> C:\Users\DRDJ\git_repo\Uni\Geo2\Doom\x64\Debug\Doom.exe
