  Source.cpp
C:\Users\DRDJ\git_repo\Uni\GeoAl\GeoAl\Containers.h(54,17): warning C4244: 'return': conversion from 'double' to 'int', possible loss of data
C:\Users\DRDJ\git_repo\Uni\GeoAl\GeoAl\VisibleLines.h(25,10): warning C4244: 'initializing': conversion from 'double' to 'int', possible loss of data
C:\Users\DRDJ\git_repo\Uni\GeoAl\GeoAl\VisibleLines.h(26,10): warning C4244: 'initializing': conversion from 'double' to 'int', possible loss of data
C:\Users\DRDJ\git_repo\Uni\GeoAl\GeoAl\Source.cpp(53,33): warning C4267: '=': conversion from 'size_t' to 'int', possible loss of data
  VisibleLines.cpp
C:\Users\DRDJ\git_repo\Uni\GeoAl\GeoAl\Containers.h(54,17): warning C4244: 'return': conversion from 'double' to 'int', possible loss of data
C:\Users\DRDJ\git_repo\Uni\GeoAl\GeoAl\VisibleLines.h(25,10): warning C4244: 'initializing': conversion from 'double' to 'int', possible loss of data
C:\Users\DRDJ\git_repo\Uni\GeoAl\GeoAl\VisibleLines.h(26,10): warning C4244: 'initializing': conversion from 'double' to 'int', possible loss of data
  Visuals.cpp
C:\Users\DRDJ\git_repo\Uni\GeoAl\GeoAl\Containers.h(54,17): warning C4244: 'return': conversion from 'double' to 'int', possible loss of data
C:\Users\DRDJ\git_repo\Uni\GeoAl\GeoAl\Visuals.cpp(8,12): warning C4244: 'initializing': conversion from 'double' to 'int', possible loss of data
C:\Users\DRDJ\git_repo\Uni\GeoAl\GeoAl\Visuals.cpp(9,13): warning C4244: 'initializing': conversion from 'double' to 'int', possible loss of data
C:\Users\DRDJ\git_repo\Uni\GeoAl\GeoAl\Visuals.cpp(23,50): warning C4244: 'argument': conversion from 'int' to 'T', possible loss of data
          with
          [
              T=float
          ]
C:\Users\DRDJ\git_repo\Uni\GeoAl\GeoAl\Visuals.cpp(34,14): warning C4244: 'argument': conversion from 'double' to 'float', possible loss of data
C:\Users\DRDJ\git_repo\Uni\GeoAl\GeoAl\Visuals.cpp(35,58): warning C4244: 'argument': conversion from 'int' to 'float', possible loss of data
C:\Users\DRDJ\git_repo\Uni\GeoAl\GeoAl\Visuals.cpp(35,34): warning C4244: 'argument': conversion from 'int' to 'float', possible loss of data
C:\Users\DRDJ\git_repo\Uni\GeoAl\GeoAl\Visuals.cpp(51,41): warning C4244: 'argument': conversion from 'double' to 'float', possible loss of data
C:\Users\DRDJ\git_repo\Uni\GeoAl\GeoAl\Visuals.cpp(51,23): warning C4244: 'argument': conversion from 'double' to 'float', possible loss of data
  Generating Code...
  GeoAl.vcxproj -> C:\Users\DRDJ\git_repo\Uni\GeoAl\x64\Debug\GeoAl.exe
